
May 27, 2026 15:53:36.55 NEW SESSION
May 27, 2026 15:53:36.60 [10384:16764:0527/155336.550:ERROR:chrome\browser\component_updater\edge_language_detection_model_installer.cc:97] Edge Language Detection Model: On-demand update failed with error: 5
May 27, 2026 15:54:09.01 [10384:16764:0527/155409.007:ERROR:components\edge_smartscreen\browser\smartscreen_dns_resolver.cc:109] SmartScreenDnsResolver::OnComplete Error: -106 DidTimeOut: 0 URL: https://www.geeksforgeeks.org/advance-java/spring-rest-controller/
May 27, 2026 15:54:09.01 [10384:16764:0527/155409.010:ERROR:components\edge_smartscreen\browser\smartscreen_dns_resolver.cc:109] SmartScreenDnsResolver::OnComplete Error: -106 DidTimeOut: 0 URL: https://www.geeksforgeeks.org/advance-java/spring-boot/
May 27, 2026 15:54:09.02 [10384:16764:0527/155409.021:ERROR:components\edge_smartscreen\browser\smartscreen_dns_resolver.cc:109] SmartScreenDnsResolver::OnComplete Error: -106 DidTimeOut: 0 URL: https://spring.academy/courses/spring-boot
May 27, 2026 15:54:09.04 [10384:16764:0527/155409.047:ERROR:chrome\browser\webauthn\edge_win_webauthn_plugin\edge_plugin_authenticator_service.cc:414] Enclave still not ready after preparation
May 27, 2026 15:54:10.31 [10384:16764:0527/155410.311:ERROR:components\edge_smartscreen\browser\smartscreen_dns_resolver.cc:109] SmartScreenDnsResolver::OnComplete Error: -106 DidTimeOut: 0 URL: https://www.google.com/search?q=better+spring+and+sprint+boot+courses&rlz=1C1GCEB_enIN1168IN1168&oq=better+spring+and+sprint+boot+courses&gs_lcrp=EgZjaHJvbWUyBggAEEUYOTIICAEQABgWGB4yCAgCEAAYFhgeMggIAxAAGBYYHjIICAQQABgWGB4yCAgFEAAYFhgeMg0IBhAAGIYDGIAEGIoFMg0IBxAAGIYDGIAEGIoFMgcICBAAGO8F0gEJMTgzOTdqMGo3qAIAsAIA&sourceid=chrome&ie=UTF-8
May 27, 2026 15:54:27.71 [10384:16764:0527/155427.712:ERROR:components\edge_smartscreen\browser\smartscreen_dns_resolver.cc:109] SmartScreenDnsResolver::OnComplete Error: -106 DidTimeOut: 0 URL: https://ntp.msn.com/edge/ntp?locale=en-US&title=New%20tab&dsp=1&sp=Bing&feed_dis=off&en_widget_reg=false&prerender=1&PC=ASTS

May 28, 2026 10:46:58.74 NEW SESSION
May 28, 2026 10:46:58.80 [9344:9924:0528/104658.739:ERROR:chrome\browser\component_updater\edge_language_detection_model_installer.cc:97] Edge Language Detection Model: On-demand update failed with error: 5
May 28, 2026 10:47:01.04 [9344:9924:0528/104701.046:ERROR:chrome\browser\webauthn\edge_win_webauthn_plugin\edge_plugin_authenticator_service.cc:414] Enclave still not ready after preparation
May 28, 2026 10:47:03.64 [9344:9924:0528/104703.648:ERROR:components\edge_smartscreen\browser\smartscreen_dns_resolver.cc:109] SmartScreenDnsResolver::OnComplete Error: -106 DidTimeOut: 0 URL: https://ntp.msn.com/edge/ntp?locale=en-US&title=New%20tab&dsp=1&sp=Bing&feed_dis=off&en_widget_reg=false&prerender=1&PC=ASTS
May 28, 2026 10:59:31.27 [9344:9924:0528/105931.278:ERROR:CONSOLE:1] "Uncaught (in promise) SyntaxError: Unexpected token 'H', "HTTP/1.1 4"... is not valid JSON", source: devtools://devtools/bundled/devtools_app.html?remoteBase=https://msedgedevtools.microsoft.com/serve_file/@2db6d3cb8b2da04832d959ec60c40e1ced3363d1/&targetType=tab&can_dock=true&isFeedbackEnabled=true&msEdgeDevToolsMicroFeedback=true&isChatEnabled=true&msEdgeCSSCopilot=true&enabledExperiments=msEdgeDevToolsNetworkConsole;layersIn3DView;keyboardShortcutEditor;msEdgeVSCodeThemes;msEdgeDevToolsDetachedElements;msEdgeDynamicWelcome;msEdgeAIExplainConsoleError;msEdgeCSSCopilot (1)
May 28, 2026 11:03:07.57 [9344:9924:0528/110307.570:ERROR:chrome\browser\ui\webui\history\edge_history_page_handler.cc:482] Invalid format url
May 28, 2026 11:03:09.98 [9344:9924:0528/110309.984:ERROR:chrome\browser\task_manager\providers\fallback_task_provider.cc:126] Every renderer should have at least one task provided by a primary task provider. If a "Renderer" fallback task is shown, it is a bug. If you have repro steps, please file a new bug and tag it as a dependency of crbug.com/40528867.
May 28, 2026 11:03:09.99 [9344:9924:0528/110309.995:ERROR:chrome\browser\task_manager\providers\fallback_task_provider.cc:126] Every renderer should have at least one task provided by a primary task provider. If a "Renderer" fallback task is shown, it is a bug. If you have repro steps, please file a new bug and tag it as a dependency of crbug.com/40528867.
May 28, 2026 11:03:41.69 [9344:9924:0528/110341.695:ERROR:components\edge_smartscreen\browser\smartscreen_dns_resolver.cc:109] SmartScreenDnsResolver::OnComplete Error: -106 DidTimeOut: 0 URL: https://ntp.msn.com/edge/ntp?locale=en-US&title=New%20tab&dsp=1&sp=Bing&feed_dis=off&en_widget_reg=false&prerender=1&PC=ASTS
May 28, 2026 11:26:39.41 [9344:13136:0528/112639.416:ERROR:components\sync\engine\get_updates_processor.cc:424] PostClientToServerMessage() failed during GetUpdates with error Network error (ERR_INTERNET_DISCONNECTED)
May 28, 2026 11:26:40.93 [9344:13136:0528/112640.931:ERROR:components\sync\engine\get_updates_processor.cc:424] PostClientToServerMessage() failed during GetUpdates with error Network error (ERR_INTERNET_DISCONNECTED)
May 28, 2026 11:26:44.69 [9344:13136:0528/112644.694:ERROR:components\sync\engine\get_updates_processor.cc:424] PostClientToServerMessage() failed during GetUpdates with error Network error (ERR_INTERNET_DISCONNECTED)
May 28, 2026 11:26:50.32 [9344:13136:0528/112650.327:ERROR:components\sync\engine\get_updates_processor.cc:424] PostClientToServerMessage() failed during GetUpdates with error Network error (ERR_INTERNET_DISCONNECTED)
May 28, 2026 11:27:04.40 [9344:13136:0528/112704.401:ERROR:components\sync\engine\get_updates_processor.cc:424] PostClientToServerMessage() failed during GetUpdates with error Network error (ERR_INTERNET_DISCONNECTED)
May 28, 2026 11:27:25.50 [9344:13136:0528/112725.501:ERROR:components\sync\engine\get_updates_processor.cc:424] PostClientToServerMessage() failed during GetUpdates with error Network error (ERR_INTERNET_DISCONNECTED)
May 28, 2026 11:27:57.15 [9344:13136:0528/112757.150:ERROR:components\sync\engine\get_updates_processor.cc:424] PostClientToServerMessage() failed during GetUpdates with error Network error (ERR_INTERNET_DISCONNECTED)
May 28, 2026 11:31:07.00 [9344:10396:0528/113107.005:ERROR:components\sync\engine\get_updates_processor.cc:424] PostClientToServerMessage() failed during GetUpdates with error Network error (ERR_INTERNET_DISCONNECTED)
May 28, 2026 11:34:10.01 [9344:9924:0528/113410.011:ERROR:components\device_event_log\device_event_log_impl.cc:248] [11:34:10.011] USB: usb_service_win.cc:108 SetupDiGetDeviceProperty({{A45C254E-DF1C-4EFD-8020-67D146A850E0}, 6}) failed: Element not found. (0x490)
May 28, 2026 11:34:10.02 [9344:9924:0528/113410.021:ERROR:components\device_event_log\device_event_log_impl.cc:248] [11:34:10.021] USB: usb_service_win.cc:311 SetupDiEnumDeviceInterfaces: No more data is available. (0x103)
May 28, 2026 11:34:24.78 [9344:13136:0528/113424.780:ERROR:components\sync\engine\get_updates_processor.cc:424] PostClientToServerMessage() failed during GetUpdates with error Network error (ERR_INTERNET_DISCONNECTED)

May 30, 2026 14:30:30.20 NEW SESSION
May 30, 2026 14:30:30.25 [5292:8700:0530/143030.194:ERROR:chrome\browser\component_updater\edge_language_detection_model_installer.cc:97] Edge Language Detection Model: On-demand update failed with error: 5
May 30, 2026 14:30:51.99 [5292:8700:0530/143051.999:ERROR:components\edge_smartscreen\browser\smartscreen_dns_resolver.cc:109] SmartScreenDnsResolver::OnComplete Error: -106 DidTimeOut: 0 URL: https://vtucircle.com/bds456b-program-1/
May 30, 2026 14:30:52.13 [5292:8700:0530/143052.134:ERROR:chrome\browser\webauthn\edge_win_webauthn_plugin\edge_plugin_authenticator_service.cc:414] Enclave still not ready after preparation
May 30, 2026 14:30:58.58 [5292:8700:0530/143058.583:ERROR:components\edge_smartscreen\browser\smartscreen_dns_resolver.cc:109] SmartScreenDnsResolver::OnComplete Error: -106 DidTimeOut: 0 URL: https://ntp.msn.com/edge/ntp?locale=en-US&title=New%20tab&dsp=1&sp=Bing&feed_dis=off&en_widget_reg=false&prerender=1&PC=ASTS
